# JRE version: OpenJDK Runtime Environment Temurin-21.0.1+12 (21.0.1+12) (build 21.0.1+12-LTS)
# Java VM: OpenJDK 64-Bit Server VM Temurin-21.0.1+12 (21.0.1+12-LTS, mixed mode, sharing, tiered, compressed oops, compressed class ptrs, g1 gc, windows-amd64)
GC Precious Log:
 CardTable entry size: 512
 Card Set container configuration: InlinePtr #cards 4 size 8 Array Of Cards #cards 16 size 48 Howl #buckets 8 coarsen threshold 3686 Howl Bitmap #cards 512 size 80 coarsen threshold 460 Card regions per heap region 1 cards per card region 4096
 CPUs: 16 total, 16 available
 Memory: 16002M
 Large Page Support: Disabled
 NUMA Support: Disabled
 Compressed Oops: Enabled (Zero based)
 Heap Region Size: 2M
 Heap Min Capacity: 512M
 Heap Initial Capacity: 512M
 Heap Max Capacity: 4072M
 Pre-touch: Disabled
 Parallel Workers: 4
 Concurrent Workers: 1
 Concurrent Refinement Workers: 4
 Periodic GC: Disabled
 String Deduplication is enabled
Heap:
 garbage-first heap   total 524288K, used 218476K [0x0000000701800000, 0x0000000800000000)
  region size 2048K, 37 young (75776K), 2 survivors (4096K)
 Metaspace       used 91587K, committed 92224K, reserved 1179648K
  class space    used 12369K, committed 12672K, reserved 1048576K
GC Heap History (20 events):
Event: 10089.443 GC heap after
{Heap after GC invocations=87 (full 7):
 garbage-first heap   total 524288K, used 94320K [0x0000000701800000, 0x0000000800000000)
  region size 2048K, 3 young (6144K), 3 survivors (6144K)
 Metaspace       used 90032K, committed 90688K, reserved 1179648K
  class space    used 12073K, committed 12352K, reserved 1048576K
}
Event: 10092.556 GC heap before
{Heap before GC invocations=87 (full 7):
 garbage-first heap   total 524288K, used 170096K [0x0000000701800000, 0x0000000800000000)
  region size 2048K, 40 young (81920K), 3 survivors (6144K)
 Metaspace       used 90221K, committed 90816K, reserved 1179648K
  class space    used 12074K, committed 12352K, reserved 1048576K
}
Event: 10092.560 GC heap after
{Heap after GC invocations=88 (full 7):
 garbage-first heap   total 524288K, used 97486K [0x0000000701800000, 0x0000000800000000)
  region size 2048K, 4 young (8192K), 4 survivors (8192K)
 Metaspace       used 90221K, committed 90816K, reserved 1179648K
  class space    used 12074K, committed 12352K, reserved 1048576K
}
Event: 10096.242 GC heap before
{Heap before GC invocations=88 (full 7):
 garbage-first heap   total 524288K, used 171214K [0x0000000701800000, 0x0000000800000000)
  region size 2048K, 40 young (81920K), 4 survivors (8192K)
 Metaspace       used 90298K, committed 91008K, reserved 1179648K
  class space    used 12079K, committed 12416K, reserved 1048576K
}
Event: 10096.249 GC heap after
{Heap after GC invocations=89 (full 7):
 garbage-first heap   total 524288K, used 96320K [0x0000000701800000, 0x0000000800000000)
  region size 2048K, 2 young (4096K), 2 survivors (4096K)
 Metaspace       used 90298K, committed 91008K, reserved 1179648K
  class space    used 12079K, committed 12416K, reserved 1048576K
}
Event: 10117.613 GC heap before
{Heap before GC invocations=89 (full 7):
 garbage-first heap   total 524288K, used 192576K [0x0000000701800000, 0x0000000800000000)
  region size 2048K, 40 young (81920K), 2 survivors (4096K)
 Metaspace       used 90517K, committed 91136K, reserved 1179648K
  class space    used 12111K, committed 12416K, reserved 1048576K
}
Event: 10117.618 GC heap after
{Heap after GC invocations=90 (full 7):
 garbage-first heap   total 524288K, used 116800K [0x0000000701800000, 0x0000000800000000)
  region size 2048K, 3 young (6144K), 3 survivors (6144K)
 Metaspace       used 90517K, committed 91136K, reserved 1179648K
  class space    used 12111K, committed 12416K, reserved 1048576K
}
Event: 10123.238 GC heap before
{Heap before GC invocations=90 (full 7):
 garbage-first heap   total 524288K, used 192576K [0x0000000701800000, 0x0000000800000000)
  region size 2048K, 40 young (81920K), 3 survivors (6144K)
 Metaspace       used 91431K, committed 92096K, reserved 1179648K
  class space    used 12368K, committed 12672K, reserved 1048576K
}
Event: 10123.243 GC heap after
{Heap after GC invocations=91 (full 7):
 garbage-first heap   total 524288K, used 121019K [0x0000000701800000, 0x0000000800000000)
  region size 2048K, 5 young (10240K), 5 survivors (10240K)
 Metaspace       used 91431K, committed 92096K, reserved 1179648K
  class space    used 12368K, committed 12672K, reserved 1048576K
}
Event: 10124.429 GC heap before
{Heap before GC invocations=91 (full 7):
 garbage-first heap   total 524288K, used 192699K [0x0000000701800000, 0x0000000800000000)
  region size 2048K, 40 young (81920K), 5 survivors (10240K)
 Metaspace       used 91474K, committed 92160K, reserved 1179648K
  class space    used 12368K, committed 12672K, reserved 1048576K
}
Event: 10124.435 GC heap after
{Heap after GC invocations=92 (full 7):
 garbage-first heap   total 524288K, used 121811K [0x0000000701800000, 0x0000000800000000)
  region size 2048K, 1 young (2048K), 1 survivors (2048K)
 Metaspace       used 91474K, committed 92160K, reserved 1179648K
  class space    used 12368K, committed 12672K, reserved 1048576K
}
Event: 10129.356 GC heap before
{Heap before GC invocations=92 (full 7):
 garbage-first heap   total 524288K, used 218067K [0x0000000701800000, 0x0000000800000000)
  region size 2048K, 40 young (81920K), 1 survivors (2048K)
 Metaspace       used 91489K, committed 92160K, reserved 1179648K
  class space    used 12369K, committed 12672K, reserved 1048576K
}
Event: 10129.358 GC heap after
{Heap after GC invocations=93 (full 7):
 garbage-first heap   total 524288K, used 138288K [0x0000000701800000, 0x0000000800000000)
  region size 2048K, 1 young (2048K), 1 survivors (2048K)
 Metaspace       used 91489K, committed 92160K, reserved 1179648K
  class space    used 12369K, committed 12672K, reserved 1048576K
}
Event: 10130.233 GC heap before
{Heap before GC invocations=93 (full 7):
 garbage-first heap   total 524288K, used 218160K [0x0000000701800000, 0x0000000800000000)
  region size 2048K, 40 young (81920K), 1 survivors (2048K)
 Metaspace       used 91489K, committed 92160K, reserved 1179648K
  class space    used 12369K, committed 12672K, reserved 1048576K
}
Event: 10130.235 GC heap after
{Heap after GC invocations=94 (full 7):
 garbage-first heap   total 524288K, used 137885K [0x0000000701800000, 0x0000000800000000)
  region size 2048K, 1 young (2048K), 1 survivors (2048K)
 Metaspace       used 91489K, committed 92160K, reserved 1179648K
  class space    used 12369K, committed 12672K, reserved 1048576K
}
Event: 10130.778 GC heap before
{Heap before GC invocations=94 (full 7):
 garbage-first heap   total 524288K, used 217757K [0x0000000701800000, 0x0000000800000000)
  region size 2048K, 40 young (81920K), 1 survivors (2048K)
 Metaspace       used 91524K, committed 92160K, reserved 1179648K
  class space    used 12369K, committed 12672K, reserved 1048576K
}
Event: 10130.780 GC heap after
{Heap after GC invocations=95 (full 7):
 garbage-first heap   total 524288K, used 140052K [0x0000000701800000, 0x0000000800000000)
  region size 2048K, 2 young (4096K), 2 survivors (4096K)
 Metaspace       used 91524K, committed 92160K, reserved 1179648K
  class space    used 12369K, committed 12672K, reserved 1048576K
}
Event: 10131.196 GC heap before
{Heap before GC invocations=95 (full 7):
 garbage-first heap   total 524288K, used 217876K [0x0000000701800000, 0x0000000800000000)
  region size 2048K, 40 young (81920K), 2 survivors (4096K)
 Metaspace       used 91558K, committed 92224K, reserved 1179648K
  class space    used 12369K, committed 12672K, reserved 1048576K
}
Event: 10131.204 GC heap after
{Heap after GC invocations=96 (full 7):
 garbage-first heap   total 524288K, used 146796K [0x0000000701800000, 0x0000000800000000)
  region size 2048K, 5 young (10240K), 5 survivors (10240K)
 Metaspace       used 91558K, committed 92224K, reserved 1179648K
  class space    used 12369K, committed 12672K, reserved 1048576K
}
Event: 10139.423 GC heap before
{Heap before GC invocations=96 (full 7):
 garbage-first heap   total 524288K, used 218476K [0x0000000701800000, 0x0000000800000000)
  region size 2048K, 40 young (81920K), 5 survivors (10240K)
 Metaspace       used 91587K, committed 92224K, reserved 1179648K
  class space    used 12369K, committed 12672K, reserved 1048576K
}

